Arguments: 
  C:\Program Files\nodejs\node.exe C:\Program Files (x86)\Yarn\bin\yarn.js add --json @parcel/transformer-sass@2.0.0-beta.2 -D

PATH: 
  C:\Users\abdel\AppData\Roaming\nvm\v12.18.3\node_modules\npm\node_modules\npm-lifecycle\node-gyp-bin;C:\Users\abdel\Documents\documents\study\YOUCODE\repos\Sprint3\sprint-3\Workshop Bootstrap\node_modules\.bin;C:\Program Files (x86)\Common Files\Intel\Shared Libraries\redist\intel64\compiler;C:\Program Files (x86)\Common Files\Oracle\Java\javapath;C:\Windows\system32;C:\Windows;C:\Windows\System32\Wbem;C:\Windows\System32\WindowsPowerShell\v1.0\;C:\Windows\System32\OpenSSH\;C:\lib\jvm\java-1.8.0\bin;C:\Program Files\dotnet\;C:\Program Files\Microsoft SQL Server\Client SDK\ODBC\130\Tools\Binn\;C:\Program Files (x86)\Microsoft SQL Server\140\Tools\Binn\;C:\Program Files\Microsoft SQL Server\140\Tools\Binn\;C:\Program Files\Microsoft SQL Server\140\DTS\Binn\;C:\Program Files (x86)\Microsoft SQL Server\150\DTS\Binn\;C:\MinGW\bin;C:\Program Files\Microsoft SQL Server\130\Tools\Binn\;C:\Program Files\Microsoft SQL Server\Client SDK\ODBC\170\Tools\Binn\;C:\Program Files\platform-tools;C:\Users\abdel\nircmd;C:\Program Files (x86)\Yarn\bin\;C:\Program Files (x86)\NVIDIA Corporation\PhysX\Common;C:\Program Files\NVIDIA Corporation\NVIDIA NvDLISR;C:\Program Files\MongoDB\Server\4.4\bin;C:\Users\abdel\AppData\Roaming\nvm;C:\Program Files\nodejs;C:\Program Files\cmder_mini\bin;C:\ProgramData\chocolatey\bin;C:\Program Files\PowerShell\6\;C:\Program Files\CMake\bin;C:\Program Files\Git\cmd;C:\Program Files\Git\mingw64\bin;C:\Program Files\Git\usr\bin;C:\Program Files\MySQL\MySQL Server 8.0\bin;C:\ProgramData\ComposerSetup\bin;C:\laragon\bin\php\php-7.2.19-Win32-VC15-x64;C:\laragon\bin;C:\laragon\bin\apache\httpd-2.4.35-win64-VC15\bin;C:\laragon\bin\composer;C:\laragon\bin\laragon\utils;C:\laragon\bin\mysql\mysql-5.7.24-winx64\bin;C:\laragon\bin\nginx\nginx-1.16.0;C:\laragon\bin\ngrok;C:\laragon\bin\notepad++;C:\laragon\bin\php\php-7.2.19-Win32-VC15-x64;C:\laragon\bin\putty;C:\laragon\bin\redis\redis-x64-3.2.100;C:\laragon\bin\telnet;C:\laragon\usr\bin;C:\Users\abdel\AppData\Local\Yarn\config\global\node_modules\.bin;C:\Users\abdel\AppData\Roaming\Composer\vendor\bin;C:\Users\abdel\AppData\Roaming\npm;C:\Program Files\MySQL\MySQL Shell 8.0\bin\;C:\Users\abdel\AppData\Local\Programs\Python\Python37-32\Scripts\;C:\Users\abdel\AppData\Local\Programs\Python\Python37-32\;C:\Ruby25-x64\bin;C:\Users\abdel\AppData\Local\Programs\Python\Python37\Scripts\;C:\Users\abdel\AppData\Local\Programs\Python\Python37\;C:\Users\abdel\AppData\Local\Microsoft\WindowsApps;C:\Users\abdel\AppData\Local\Programs\Microsoft VS Code\bin;C:\ProgramData\abdel\GitHubDesktop\bin;C:\Users\abdel\AppData\Local\GitHubDesktop\bin;C:\Users\abdel\nircmd;C:\Users\abdel\AppData\Local\hyper\app-3.0.2\resources\bin;C:\Users\abdel\AppData\Local\Yarn\bin;C:\Users\abdel\AppData\Roaming\nvm;C:\Program Files\nodejs;C:\tools\neovim\Neovim\bin;C:\Program Files (x86)\GitHub CLI\;C:\Program Files\JetBrains\DataGrip 2020.3.2\bin;C:\Program Files\JetBrains\PhpStorm 2020.3.3\bin;C:\PHP

Yarn version: 
  1.22.4

Node version: 
  12.18.3

Platform: 
  win32 x64

Trace: 
  Error: EPERM: operation not permitted, unlink 'C:\Users\abdel\Documents\documents\study\YOUCODE\repos\Sprint3\sprint-3\Workshop Bootstrap\node_modules\@parcel\fs-search\fs-search.win32-x64-msvc.node'

npm manifest: 
  {
    "name": "workshop-bootstrap",
    "version": "1.0.0",
    "description": "![](images/0.jpeg?raw=true)",
    "main": "index.js",
    "scripts": {
      "dev": "parcel ./src/index.html",
      "prebuild": "npx rimraf build",
      "build": "parcel build --public-url ./ ./src/index.html --experimental-scope-hoisting --out-dir build"
    },
    "author": "Abdelhamid Ait-Ayoub (rrr3d)",
    "license": "ISC",
    "dependencies": {
      "@foxbox/adobe-bootstrap-dsp": "^1.0.2",
      "bootstrap": "^5.0.0-beta3"
    },
    "devDependencies": {
      "parcel": "^2.0.0-beta.2"
    }
  }

yarn manifest: 
  No manifest

Lockfile: 
  No lockfile
